<?xml version="1.0" encoding="UTF-8"?>
<testsuite xmlns:xsi="http://www.w3.org/2001/XMLSchema-instance" xsi:noNamespaceSchemaLocation="https://maven.apache.org/surefire/maven-surefire-plugin/xsd/surefire-test-report-3.0.xsd" version="3.0" name="example.NewTest" time="9.782" tests="1" errors="0" skipped="0" failures="0">
  <properties>
    <property name="sun.desktop" value="windows"/>
    <property name="awt.toolkit" value="sun.awt.windows.WToolkit"/>
    <property name="file.encoding.pkg" value="sun.io"/>
    <property name="java.specification.version" value="1.8"/>
    <property name="sun.cpu.isalist" value="amd64"/>
    <property name="sun.jnu.encoding" value="Cp1252"/>
    <property name="java.class.path" value="C:\Users\lmolimbi\Documents\dev-workspace\selenium-projects\CucumberSelenium\target\test-classes;C:\Users\lmolimbi\Documents\dev-workspace\selenium-projects\CucumberSelenium\target\classes;C:\Program Files\env\maven\repository\junit\junit\3.8.1\junit-3.8.1.jar;C:\Program Files\env\maven\repository\org\seleniumhq\selenium\selenium-java\2.45.0\selenium-java-2.45.0.jar;C:\Program Files\env\maven\repository\org\seleniumhq\selenium\selenium-chrome-driver\2.45.0\selenium-chrome-driver-2.45.0.jar;C:\Program Files\env\maven\repository\org\seleniumhq\selenium\selenium-remote-driver\2.45.0\selenium-remote-driver-2.45.0.jar;C:\Program Files\env\maven\repository\cglib\cglib-nodep\2.1_3\cglib-nodep-2.1_3.jar;C:\Program Files\env\maven\repository\com\google\code\gson\gson\2.3.1\gson-2.3.1.jar;C:\Program Files\env\maven\repository\org\seleniumhq\selenium\selenium-api\2.45.0\selenium-api-2.45.0.jar;C:\Program Files\env\maven\repository\com\google\guava\guava\18.0\guava-18.0.jar;C:\Program Files\env\maven\repository\org\seleniumhq\selenium\selenium-htmlunit-driver\2.45.0\selenium-htmlunit-driver-2.45.0.jar;C:\Program Files\env\maven\repository\net\sourceforge\htmlunit\htmlunit\2.15\htmlunit-2.15.jar;C:\Program Files\env\maven\repository\xalan\xalan\2.7.1\xalan-2.7.1.jar;C:\Program Files\env\maven\repository\xalan\serializer\2.7.1\serializer-2.7.1.jar;C:\Program Files\env\maven\repository\commons-collections\commons-collections\3.2.1\commons-collections-3.2.1.jar;C:\Program Files\env\maven\repository\org\apache\commons\commons-lang3\3.3.2\commons-lang3-3.3.2.jar;C:\Program Files\env\maven\repository\org\apache\httpcomponents\httpmime\4.3.3\httpmime-4.3.3.jar;C:\Program Files\env\maven\repository\commons-codec\commons-codec\1.9\commons-codec-1.9.jar;C:\Program Files\env\maven\repository\net\sourceforge\htmlunit\htmlunit-core-js\2.15\htmlunit-core-js-2.15.jar;C:\Program Files\env\maven\repository\xerces\xercesImpl\2.11.0\xercesImpl-2.11.0.jar;C:\Program Files\env\maven\repository\xml-apis\xml-apis\1.4.01\xml-apis-1.4.01.jar;C:\Program Files\env\maven\repository\net\sourceforge\nekohtml\nekohtml\1.9.21\nekohtml-1.9.21.jar;C:\Program Files\env\maven\repository\net\sourceforge\cssparser\cssparser\0.9.14\cssparser-0.9.14.jar;C:\Program Files\env\maven\repository\org\w3c\css\sac\1.3\sac-1.3.jar;C:\Program Files\env\maven\repository\commons-logging\commons-logging\1.1.3\commons-logging-1.1.3.jar;C:\Program Files\env\maven\repository\org\eclipse\jetty\jetty-websocket\8.1.15.v20140411\jetty-websocket-8.1.15.v20140411.jar;C:\Program Files\env\maven\repository\org\eclipse\jetty\jetty-util\8.1.15.v20140411\jetty-util-8.1.15.v20140411.jar;C:\Program Files\env\maven\repository\org\eclipse\jetty\jetty-io\8.1.15.v20140411\jetty-io-8.1.15.v20140411.jar;C:\Program Files\env\maven\repository\org\eclipse\jetty\jetty-http\8.1.15.v20140411\jetty-http-8.1.15.v20140411.jar;C:\Program Files\env\maven\repository\org\apache\httpcomponents\httpclient\4.3.6\httpclient-4.3.6.jar;C:\Program Files\env\maven\repository\org\apache\httpcomponents\httpcore\4.3.3\httpcore-4.3.3.jar;C:\Program Files\env\maven\repository\org\seleniumhq\selenium\selenium-firefox-driver\2.45.0\selenium-firefox-driver-2.45.0.jar;C:\Program Files\env\maven\repository\commons-io\commons-io\2.4\commons-io-2.4.jar;C:\Program Files\env\maven\repository\org\apache\commons\commons-exec\1.1\commons-exec-1.1.jar;C:\Program Files\env\maven\repository\org\seleniumhq\selenium\selenium-ie-driver\2.45.0\selenium-ie-driver-2.45.0.jar;C:\Program Files\env\maven\repository\net\java\dev\jna\jna\3.4.0\jna-3.4.0.jar;C:\Program Files\env\maven\repository\net\java\dev\jna\platform\3.4.0\platform-3.4.0.jar;C:\Program Files\env\maven\repository\org\seleniumhq\selenium\selenium-safari-driver\2.45.0\selenium-safari-driver-2.45.0.jar;C:\Program Files\env\maven\repository\org\seleniumhq\selenium\selenium-support\2.45.0\selenium-support-2.45.0.jar;C:\Program Files\env\maven\repository\org\webbitserver\webbit\0.4.14\webbit-0.4.14.jar;C:\Program Files\env\maven\repository\io\netty\netty\3.5.2.Final\netty-3.5.2.Final.jar;C:\Program Files\env\maven\repository\org\seleniumhq\selenium\selenium-leg-rc\2.45.0\selenium-leg-rc-2.45.0.jar;C:\Program Files\env\maven\repository\org\testng\testng\6.8.8\testng-6.8.8.jar;C:\Program Files\env\maven\repository\org\beanshell\bsh\2.0b4\bsh-2.0b4.jar;C:\Program Files\env\maven\repository\com\beust\jcommander\1.27\jcommander-1.27.jar;"/>
    <property name="java.vm.vendor" value="Oracle Corporation"/>
    <property name="sun.arch.data.model" value="64"/>
    <property name="user.variant" value=""/>
    <property name="java.vendor.url" value="http://java.oracle.com/"/>
    <property name="user.timezone" value="Europe/Paris"/>
    <property name="java.vm.specification.version" value="1.8"/>
    <property name="os.name" value="Windows 10"/>
    <property name="user.country" value="ES"/>
    <property name="sun.java.launcher" value="SUN_STANDARD"/>
    <property name="sun.boot.library.path" value="C:\Program Files\Java\jdk1.8.0_251\jre\bin"/>
    <property name="sun.java.command" value="C:\Users\lmolimbi\AppData\Local\Temp\surefire2107990561817416890\surefirebooter4062870149275761627.jar C:\Users\lmolimbi\AppData\Local\Temp\surefire2107990561817416890 2020-10-22T14-42-14_733-jvmRun1 surefire6667415056202891989tmp surefire_01986282302903223462tmp"/>
    <property name="surefire.test.class.path" value="C:\Users\lmolimbi\Documents\dev-workspace\selenium-projects\CucumberSelenium\target\test-classes;C:\Users\lmolimbi\Documents\dev-workspace\selenium-projects\CucumberSelenium\target\classes;C:\Program Files\env\maven\repository\junit\junit\3.8.1\junit-3.8.1.jar;C:\Program Files\env\maven\repository\org\seleniumhq\selenium\selenium-java\2.45.0\selenium-java-2.45.0.jar;C:\Program Files\env\maven\repository\org\seleniumhq\selenium\selenium-chrome-driver\2.45.0\selenium-chrome-driver-2.45.0.jar;C:\Program Files\env\maven\repository\org\seleniumhq\selenium\selenium-remote-driver\2.45.0\selenium-remote-driver-2.45.0.jar;C:\Program Files\env\maven\repository\cglib\cglib-nodep\2.1_3\cglib-nodep-2.1_3.jar;C:\Program Files\env\maven\repository\com\google\code\gson\gson\2.3.1\gson-2.3.1.jar;C:\Program Files\env\maven\repository\org\seleniumhq\selenium\selenium-api\2.45.0\selenium-api-2.45.0.jar;C:\Program Files\env\maven\repository\com\google\guava\guava\18.0\guava-18.0.jar;C:\Program Files\env\maven\repository\org\seleniumhq\selenium\selenium-htmlunit-driver\2.45.0\selenium-htmlunit-driver-2.45.0.jar;C:\Program Files\env\maven\repository\net\sourceforge\htmlunit\htmlunit\2.15\htmlunit-2.15.jar;C:\Program Files\env\maven\repository\xalan\xalan\2.7.1\xalan-2.7.1.jar;C:\Program Files\env\maven\repository\xalan\serializer\2.7.1\serializer-2.7.1.jar;C:\Program Files\env\maven\repository\commons-collections\commons-collections\3.2.1\commons-collections-3.2.1.jar;C:\Program Files\env\maven\repository\org\apache\commons\commons-lang3\3.3.2\commons-lang3-3.3.2.jar;C:\Program Files\env\maven\repository\org\apache\httpcomponents\httpmime\4.3.3\httpmime-4.3.3.jar;C:\Program Files\env\maven\repository\commons-codec\commons-codec\1.9\commons-codec-1.9.jar;C:\Program Files\env\maven\repository\net\sourceforge\htmlunit\htmlunit-core-js\2.15\htmlunit-core-js-2.15.jar;C:\Program Files\env\maven\repository\xerces\xercesImpl\2.11.0\xercesImpl-2.11.0.jar;C:\Program Files\env\maven\repository\xml-apis\xml-apis\1.4.01\xml-apis-1.4.01.jar;C:\Program Files\env\maven\repository\net\sourceforge\nekohtml\nekohtml\1.9.21\nekohtml-1.9.21.jar;C:\Program Files\env\maven\repository\net\sourceforge\cssparser\cssparser\0.9.14\cssparser-0.9.14.jar;C:\Program Files\env\maven\repository\org\w3c\css\sac\1.3\sac-1.3.jar;C:\Program Files\env\maven\repository\commons-logging\commons-logging\1.1.3\commons-logging-1.1.3.jar;C:\Program Files\env\maven\repository\org\eclipse\jetty\jetty-websocket\8.1.15.v20140411\jetty-websocket-8.1.15.v20140411.jar;C:\Program Files\env\maven\repository\org\eclipse\jetty\jetty-util\8.1.15.v20140411\jetty-util-8.1.15.v20140411.jar;C:\Program Files\env\maven\repository\org\eclipse\jetty\jetty-io\8.1.15.v20140411\jetty-io-8.1.15.v20140411.jar;C:\Program Files\env\maven\repository\org\eclipse\jetty\jetty-http\8.1.15.v20140411\jetty-http-8.1.15.v20140411.jar;C:\Program Files\env\maven\repository\org\apache\httpcomponents\httpclient\4.3.6\httpclient-4.3.6.jar;C:\Program Files\env\maven\repository\org\apache\httpcomponents\httpcore\4.3.3\httpcore-4.3.3.jar;C:\Program Files\env\maven\repository\org\seleniumhq\selenium\selenium-firefox-driver\2.45.0\selenium-firefox-driver-2.45.0.jar;C:\Program Files\env\maven\repository\commons-io\commons-io\2.4\commons-io-2.4.jar;C:\Program Files\env\maven\repository\org\apache\commons\commons-exec\1.1\commons-exec-1.1.jar;C:\Program Files\env\maven\repository\org\seleniumhq\selenium\selenium-ie-driver\2.45.0\selenium-ie-driver-2.45.0.jar;C:\Program Files\env\maven\repository\net\java\dev\jna\jna\3.4.0\jna-3.4.0.jar;C:\Program Files\env\maven\repository\net\java\dev\jna\platform\3.4.0\platform-3.4.0.jar;C:\Program Files\env\maven\repository\org\seleniumhq\selenium\selenium-safari-driver\2.45.0\selenium-safari-driver-2.45.0.jar;C:\Program Files\env\maven\repository\org\seleniumhq\selenium\selenium-support\2.45.0\selenium-support-2.45.0.jar;C:\Program Files\env\maven\repository\org\webbitserver\webbit\0.4.14\webbit-0.4.14.jar;C:\Program Files\env\maven\repository\io\netty\netty\3.5.2.Final\netty-3.5.2.Final.jar;C:\Program Files\env\maven\repository\org\seleniumhq\selenium\selenium-leg-rc\2.45.0\selenium-leg-rc-2.45.0.jar;C:\Program Files\env\maven\repository\org\testng\testng\6.8.8\testng-6.8.8.jar;C:\Program Files\env\maven\repository\org\beanshell\bsh\2.0b4\bsh-2.0b4.jar;C:\Program Files\env\maven\repository\com\beust\jcommander\1.27\jcommander-1.27.jar;"/>
    <property name="sun.cpu.endian" value="little"/>
    <property name="user.home" value="C:\Users\lmolimbi"/>
    <property name="user.language" value="es"/>
    <property name="java.specification.vendor" value="Oracle Corporation"/>
    <property name="java.home" value="C:\Program Files\Java\jdk1.8.0_251\jre"/>
    <property name="basedir" value="C:\Users\lmolimbi\Documents\dev-workspace\selenium-projects\CucumberSelenium"/>
    <property name="style.color" value="always"/>
    <property name="file.separator" value="\"/>
    <property name="line.separator" value="&#10;"/>
    <property name="java.vm.specification.vendor" value="Oracle Corporation"/>
    <property name="java.specification.name" value="Java Platform API Specification"/>
    <property name="java.awt.graphicsenv" value="sun.awt.Win32GraphicsEnvironment"/>
    <property name="surefire.real.class.path" value="C:\Users\lmolimbi\AppData\Local\Temp\surefire2107990561817416890\surefirebooter4062870149275761627.jar"/>
    <property name="sun.boot.class.path" value="C:\Program Files\Java\jdk1.8.0_251\jre\lib\resources.jar;C:\Program Files\Java\jdk1.8.0_251\jre\lib\rt.jar;C:\Program Files\Java\jdk1.8.0_251\jre\lib\sunrsasign.jar;C:\Program Files\Java\jdk1.8.0_251\jre\lib\jsse.jar;C:\Program Files\Java\jdk1.8.0_251\jre\lib\jce.jar;C:\Program Files\Java\jdk1.8.0_251\jre\lib\charsets.jar;C:\Program Files\Java\jdk1.8.0_251\jre\lib\jfr.jar;C:\Program Files\Java\jdk1.8.0_251\jre\classes"/>
    <property name="user.script" value=""/>
    <property name="sun.management.compiler" value="HotSpot 64-Bit Tiered Compilers"/>
    <property name="java.runtime.version" value="1.8.0_251-b08"/>
    <property name="user.name" value="lmolimbi"/>
    <property name="path.separator" value=";"/>
    <property name="os.version" value="10.0"/>
    <property name="java.endorsed.dirs" value="C:\Program Files\Java\jdk1.8.0_251\jre\lib\endorsed"/>
    <property name="java.runtime.name" value="Java(TM) SE Runtime Environment"/>
    <property name="file.encoding" value="Cp1252"/>
    <property name="java.vm.name" value="Java HotSpot(TM) 64-Bit Server VM"/>
    <property name="localRepository" value="C:\Program Files\env\maven\repository"/>
    <property name="java.vendor.url.bug" value="http://bugreport.sun.com/bugreport/"/>
    <property name="java.io.tmpdir" value="C:\Users\lmolimbi\AppData\Local\Temp\"/>
    <property name="java.version" value="1.8.0_251"/>
    <property name="user.dir" value="C:\Users\lmolimbi\Documents\dev-workspace\selenium-projects\CucumberSelenium"/>
    <property name="os.arch" value="amd64"/>
    <property name="java.vm.specification.name" value="Java Virtual Machine Specification"/>
    <property name="java.awt.printerjob" value="sun.awt.windows.WPrinterJob"/>
    <property name="sun.os.patch.level" value=""/>
    <property name="java.library.path" value="C:\Program Files\Java\jdk1.8.0_251\jre\bin;C:\WINDOWS\Sun\Java\bin;C:\WINDOWS\system32;C:\WINDOWS;C:\Program Files\env\anaconda\condabin;C:/Program Files/Java/jdk1.8.0_251/bin/../jre/bin/server;C:/Program Files/Java/jdk1.8.0_251/bin/../jre/bin;C:/Program Files/Java/jdk1.8.0_251/bin/../jre/lib/amd64;C:\Program Files (x86)\Microsoft SDKs\Azure\CLI2\wbin;C:\app\lmolimbi\product\18.0.0\dbhomeXE\bin;C:\WINDOWS\system32;C:\WINDOWS;C:\WINDOWS\System32\Wbem;C:\WINDOWS\System32\WindowsPowerShell\v1.0\;C:\WINDOWS\System32\OpenSSH\;C:\Program Files\Novell\iPrint;C:\WINDOWS\System32\WindowsPowerShell\v1.0\;C:\Program Files\env\webdriver\;C:\ProgramData\Microsoft\Windows\Start Menu\Programs;C:\Program Files\WindowsPowerShell\Scripts\HP.ClientScriptLibrary;C:\Program Files\Java\jdk1.8.0_251\bin;C:\Program Files\env\mysql\mysql-8.0.19-winx64\bin\;C:\Program Files\env\anaconda\Scripts\;C:\Windows\System32;C:\Program Files\dotnet\;C:\Program Files\Microsoft SQL Server\130\Tools\Binn\;C:\Program Files\Microsoft SQL Server\Client SDK\ODBC\170\Tools\Binn\;C:\Program Files\Git\cmd;C:\bin;C:\Program Files\PostgreSQL\12\bin;C:\Program Files\env\maven\apache-maven-3.6.3\bin;C:\Program Files (x86)\Common Files\Oracle\Java\javapath;C:\Program Files\env\anaconda;C:\Program Files\nodejs\14.5.0\;;C:\Program Files (x86)\GitExtensions\;C:\Program Files\Docker\Docker\resources\bin;C:\ProgramData\DockerDesktop\version-bin;C:\Users\lmolimbi\scoop\apps\yarn\current\Yarn\bin;C:\Users\lmolimbi\scoop\apps\yarn\current\global\node_modules\.bin;C:\Users\lmolimbi\scoop\shims;C:\Users\lmolimbi\AppData\Local\Programs\Microsoft VS Code\bin;C:\Users\lmolimbi\AppData\Roaming\npm;C:\Users\lmolimbi\AppData\Local\Microsoft\WindowsApps;C:\Users\lmolimbi\AppData\Local\GitHubDesktop\bin;C:\Program Files\JetBrains\IntelliJ IDEA Community Edition 2020.2.2\bin;;C:\Program Files\env\sts-4.6.1.RELEASE;;."/>
    <property name="java.vm.info" value="mixed mode"/>
    <property name="java.vendor" value="Oracle Corporation"/>
    <property name="java.vm.version" value="25.251-b08"/>
    <property name="java.ext.dirs" value="C:\Program Files\Java\jdk1.8.0_251\jre\lib\ext;C:\WINDOWS\Sun\Java\lib\ext"/>
    <property name="sun.io.unicode.encoding" value="UnicodeLittle"/>
    <property name="java.class.version" value="52.0"/>
  </properties>
  <testcase name="testEasy" classname="example.NewTest" time="2.892">
    <system-err><![CDATA[Starting ChromeDriver 86.0.4240.22 (398b0743353ff36fb1b82468f63a3a93b4e2e89e-refs/branch-heads/4240@{#378}) on port 31853
Only local connections are allowed.
Please see https://chromedriver.chromium.org/security-considerations for suggestions on keeping ChromeDriver safe.
ChromeDriver was started successfully.
]]></system-err>
  </testcase>
</testsuite>