<?xml version="1.0" encoding="UTF-8"?>
<!-- Generated by org.testng.reporters.JUnitReportReporter -->
<testsuite hostname="ITEM-S79751" name="example.NewTest" tests="1" failures="0" timestamp="23 Oct 2020 06:57:54 GMT" time="2.339" errors="0">
  <testcase name="testEasy" time="2.339" classname="example.NewTest"/>
</testsuite> <!-- example.NewTest -->
